<?xml version="1.0" encoding="UTF-8"?>
<!-- Generated by org.testng.reporters.JUnitReportReporter -->
<testsuite skipped="0" hostname="DESKTOP-JOET9VF" name="com.selbot.testcases.TC001_CreateLead" tests="2" failures="0" timestamp="20 Apr 2019 09:47:15 GMT" time="62.777" errors="0">
  <testcase name="createLead" time="29.855" classname="com.selbot.testcases.TC001_CreateLead"/>
  <testcase name="createLead" time="32.922" classname="com.selbot.testcases.TC001_CreateLead"/>
</testsuite> <!-- com.selbot.testcases.TC001_CreateLead -->
