<?xml version="1.0" encoding="UTF-8"?>
<!-- Generated by org.testng.reporters.JUnitReportReporter -->
<testsuite skipped="0" hostname="DESKTOP-JOET9VF" name="com.selbot.testcases.TC002_DuplicateLead" tests="2" failures="0" timestamp="20 Apr 2019 11:43:27 GMT" time="52.395" errors="0">
  <testcase name="createLead" time="24.626" classname="com.selbot.testcases.TC002_DuplicateLead"/>
  <testcase name="createLead" time="27.769" classname="com.selbot.testcases.TC002_DuplicateLead"/>
</testsuite> <!-- com.selbot.testcases.TC002_DuplicateLead -->
